<?xml version="1.0" encoding="UTF-8"?>
<!-- Generated by org.testng.reporters.JUnitReportReporter -->
<testsuite hostname="DESKTOP-PTPCVH3" failures="0" tests="1" name="com.webappsecurity.zero.TestScripts.VerifyFundsTransferTest" time="4.334" errors="0" timestamp="2021-03-31T15:07:53 EDT" skipped="0">
  <testcase classname="com.webappsecurity.zero.TestScripts.VerifyFundsTransferTest" name="verifyfundTransfer" time="4.334"/>
</testsuite> <!-- com.webappsecurity.zero.TestScripts.VerifyFundsTransferTest -->
